2018-06-24 17:09:55 Error: [PDOException] SQLSTATE[HY000]: General error: 1364 Field 'price' doesn't have a default value in /Applications/XAMPP/xamppfiles/htdocs/SkipDishes/vendor/robmorgan/phinx/src/Phinx/Db/Adapter/PdoAdapter.php on line 392
Stack Trace:
#0 /Applications/XAMPP/xamppfiles/htdocs/SkipDishes/vendor/robmorgan/phinx/src/Phinx/Db/Adapter/PdoAdapter.php(392): PDOStatement->execute(Array)
#1 /Applications/XAMPP/xamppfiles/htdocs/SkipDishes/vendor/cakephp/migrations/src/CakeAdapter.php(400): Phinx\Db\Adapter\PdoAdapter->insert(Object(Phinx\Db\Table), Array)
#2 /Applications/XAMPP/xamppfiles/htdocs/SkipDishes/vendor/robmorgan/phinx/src/Phinx/Db/Table.php(651): Migrations\CakeAdapter->insert(Object(Phinx\Db\Table), Array)
#3 /Applications/XAMPP/xamppfiles/htdocs/SkipDishes/config/Seeds/BootStrapSeedsSeed.php(126): Phinx\Db\Table->saveData()
#4 /Applications/XAMPP/xamppfiles/htdocs/SkipDishes/vendor/robmorgan/phinx/src/Phinx/Migration/Manager/Environment.php(154): BootStrapSeedsSeed->run()
#5 /Applications/XAMPP/xamppfiles/htdocs/SkipDishes/vendor/robmorgan/phinx/src/Phinx/Migration/Manager.php(395): Phinx\Migration\Manager\Environment->executeSeed(Object(BootStrapSeedsSeed))
#6 /Applications/XAMPP/xamppfiles/htdocs/SkipDishes/vendor/robmorgan/phinx/src/Phinx/Migration/Manager.php(514): Phinx\Migration\Manager->executeSeed('default', Object(BootStrapSeedsSeed))
#7 /Applications/XAMPP/xamppfiles/htdocs/SkipDishes/vendor/robmorgan/phinx/src/Phinx/Console/Command/SeedRun.php(110): Phinx\Migration\Manager->seed('default')
#8 /Applications/XAMPP/xamppfiles/htdocs/SkipDishes/vendor/cakephp/migrations/src/Command/CommandTrait.php(35): Phinx\Console\Command\SeedRun->execute(Object(Symfony\Component\Console\Input\ArgvInput), Object(Symfony\Component\Console\Output\ConsoleOutput))
#9 /Applications/XAMPP/xamppfiles/htdocs/SkipDishes/vendor/cakephp/migrations/src/Command/Seed.php(72): Migrations\Command\Seed->parentExecute(Object(Symfony\Component\Console\Input\ArgvInput), Object(Symfony\Component\Console\Output\ConsoleOutput))
#10 /Applications/XAMPP/xamppfiles/htdocs/SkipDishes/vendor/symfony/console/Command/Command.php(251): Migrations\Command\Seed->execute(Object(Symfony\Component\Console\Input\ArgvInput), Object(Symfony\Component\Console\Output\ConsoleOutput))
#11 /Applications/XAMPP/xamppfiles/htdocs/SkipDishes/vendor/symfony/console/Application.php(946): Symfony\Component\Console\Command\Command->run(Object(Symfony\Component\Console\Input\ArgvInput), Object(Symfony\Component\Console\Output\ConsoleOutput))
#12 /Applications/XAMPP/xamppfiles/htdocs/SkipDishes/vendor/symfony/console/Application.php(248): Symfony\Component\Console\Application->doRunCommand(Object(Migrations\Command\Seed), Object(Symfony\Component\Console\Input\ArgvInput), Object(Symfony\Component\Console\Output\ConsoleOutput))
#13 /Applications/XAMPP/xamppfiles/htdocs/SkipDishes/vendor/symfony/console/Application.php(148): Symfony\Component\Console\Application->doRun(Object(Symfony\Component\Console\Input\ArgvInput), Object(Symfony\Component\Console\Output\ConsoleOutput))
#14 /Applications/XAMPP/xamppfiles/htdocs/SkipDishes/vendor/cakephp/migrations/src/Shell/MigrationsShell.php(108): Symfony\Component\Console\Application->run(Object(Symfony\Component\Console\Input\ArgvInput), Object(Symfony\Component\Console\Output\ConsoleOutput))
#15 /Applications/XAMPP/xamppfiles/htdocs/SkipDishes/vendor/cakephp/cakephp/src/Console/Shell.php(532): Migrations\Shell\MigrationsShell->main('migrations', 'seed')
#16 /Applications/XAMPP/xamppfiles/htdocs/SkipDishes/vendor/cakephp/migrations/src/Shell/MigrationsShell.php(164): Cake\Console\Shell->runCommand(Array, true, Array)
#17 /Applications/XAMPP/xamppfiles/htdocs/SkipDishes/vendor/cakephp/cakephp/src/Console/CommandRunner.php(342): Migrations\Shell\MigrationsShell->runCommand(Array, true)
#18 /Applications/XAMPP/xamppfiles/htdocs/SkipDishes/vendor/cakephp/cakephp/src/Console/CommandRunner.php(164): Cake\Console\CommandRunner->runShell(Object(Migrations\Shell\MigrationsShell), Array)
#19 /Applications/XAMPP/xamppfiles/htdocs/SkipDishes/bin/cake.php(12): Cake\Console\CommandRunner->run(Array)
#20 {main}


2018-06-24 17:09:55 Warning: The connection is going to be closed but there is an active transaction.
2018-06-24 17:09:55 Warning: Warning (2): fwrite(): supplied resource is not a valid stream resource in [/Applications/XAMPP/xamppfiles/htdocs/SkipDishes/vendor/cakephp/cakephp/src/Console/ConsoleOutput.php, line 253]
Trace:
Cake\Error\BaseErrorHandler::handleError() - CORE/src/Error/BaseErrorHandler.php, line 159
fwrite - [internal], line ??
Cake\Console\ConsoleOutput::_write() - CORE/src/Console/ConsoleOutput.php, line 253
Cake\Console\ConsoleOutput::write() - CORE/src/Console/ConsoleOutput.php, line 188
Cake\Log\Engine\ConsoleLog::log() - CORE/src/Log/Engine/ConsoleLog.php, line 94
Cake\Log\Log::write() - CORE/src/Log/Log.php, line 384
Cake\Log\Log::warning() - CORE/src/Log/Log.php, line 469
Cake\Database\Connection::__destruct() - CORE/src/Database/Connection.php, line 135
[main] - [internal], line ??



2018-06-24 17:11:53 Error: [PDOException] SQLSTATE[42S22]: Column not found: 1054 Unknown column 'dishe_id' in 'field list' in /Applications/XAMPP/xamppfiles/htdocs/SkipDishes/vendor/robmorgan/phinx/src/Phinx/Db/Adapter/PdoAdapter.php on line 392
Stack Trace:
#0 /Applications/XAMPP/xamppfiles/htdocs/SkipDishes/vendor/robmorgan/phinx/src/Phinx/Db/Adapter/PdoAdapter.php(392): PDOStatement->execute(Array)
#1 /Applications/XAMPP/xamppfiles/htdocs/SkipDishes/vendor/cakephp/migrations/src/CakeAdapter.php(400): Phinx\Db\Adapter\PdoAdapter->insert(Object(Phinx\Db\Table), Array)
#2 /Applications/XAMPP/xamppfiles/htdocs/SkipDishes/vendor/robmorgan/phinx/src/Phinx/Db/Table.php(651): Migrations\CakeAdapter->insert(Object(Phinx\Db\Table), Array)
#3 /Applications/XAMPP/xamppfiles/htdocs/SkipDishes/config/Seeds/BootStrapSeedsSeed.php(161): Phinx\Db\Table->saveData()
#4 /Applications/XAMPP/xamppfiles/htdocs/SkipDishes/vendor/robmorgan/phinx/src/Phinx/Migration/Manager/Environment.php(154): BootStrapSeedsSeed->run()
#5 /Applications/XAMPP/xamppfiles/htdocs/SkipDishes/vendor/robmorgan/phinx/src/Phinx/Migration/Manager.php(395): Phinx\Migration\Manager\Environment->executeSeed(Object(BootStrapSeedsSeed))
#6 /Applications/XAMPP/xamppfiles/htdocs/SkipDishes/vendor/robmorgan/phinx/src/Phinx/Migration/Manager.php(514): Phinx\Migration\Manager->executeSeed('default', Object(BootStrapSeedsSeed))
#7 /Applications/XAMPP/xamppfiles/htdocs/SkipDishes/vendor/robmorgan/phinx/src/Phinx/Console/Command/SeedRun.php(110): Phinx\Migration\Manager->seed('default')
#8 /Applications/XAMPP/xamppfiles/htdocs/SkipDishes/vendor/cakephp/migrations/src/Command/CommandTrait.php(35): Phinx\Console\Command\SeedRun->execute(Object(Symfony\Component\Console\Input\ArgvInput), Object(Symfony\Component\Console\Output\ConsoleOutput))
#9 /Applications/XAMPP/xamppfiles/htdocs/SkipDishes/vendor/cakephp/migrations/src/Command/Seed.php(72): Migrations\Command\Seed->parentExecute(Object(Symfony\Component\Console\Input\ArgvInput), Object(Symfony\Component\Console\Output\ConsoleOutput))
#10 /Applications/XAMPP/xamppfiles/htdocs/SkipDishes/vendor/symfony/console/Command/Command.php(251): Migrations\Command\Seed->execute(Object(Symfony\Component\Console\Input\ArgvInput), Object(Symfony\Component\Console\Output\ConsoleOutput))
#11 /Applications/XAMPP/xamppfiles/htdocs/SkipDishes/vendor/symfony/console/Application.php(946): Symfony\Component\Console\Command\Command->run(Object(Symfony\Component\Console\Input\ArgvInput), Object(Symfony\Component\Console\Output\ConsoleOutput))
#12 /Applications/XAMPP/xamppfiles/htdocs/SkipDishes/vendor/symfony/console/Application.php(248): Symfony\Component\Console\Application->doRunCommand(Object(Migrations\Command\Seed), Object(Symfony\Component\Console\Input\ArgvInput), Object(Symfony\Component\Console\Output\ConsoleOutput))
#13 /Applications/XAMPP/xamppfiles/htdocs/SkipDishes/vendor/symfony/console/Application.php(148): Symfony\Component\Console\Application->doRun(Object(Symfony\Component\Console\Input\ArgvInput), Object(Symfony\Component\Console\Output\ConsoleOutput))
#14 /Applications/XAMPP/xamppfiles/htdocs/SkipDishes/vendor/cakephp/migrations/src/Shell/MigrationsShell.php(108): Symfony\Component\Console\Application->run(Object(Symfony\Component\Console\Input\ArgvInput), Object(Symfony\Component\Console\Output\ConsoleOutput))
#15 /Applications/XAMPP/xamppfiles/htdocs/SkipDishes/vendor/cakephp/cakephp/src/Console/Shell.php(532): Migrations\Shell\MigrationsShell->main('migrations', 'seed')
#16 /Applications/XAMPP/xamppfiles/htdocs/SkipDishes/vendor/cakephp/migrations/src/Shell/MigrationsShell.php(164): Cake\Console\Shell->runCommand(Array, true, Array)
#17 /Applications/XAMPP/xamppfiles/htdocs/SkipDishes/vendor/cakephp/cakephp/src/Console/CommandRunner.php(342): Migrations\Shell\MigrationsShell->runCommand(Array, true)
#18 /Applications/XAMPP/xamppfiles/htdocs/SkipDishes/vendor/cakephp/cakephp/src/Console/CommandRunner.php(164): Cake\Console\CommandRunner->runShell(Object(Migrations\Shell\MigrationsShell), Array)
#19 /Applications/XAMPP/xamppfiles/htdocs/SkipDishes/bin/cake.php(12): Cake\Console\CommandRunner->run(Array)
#20 {main}


2018-06-24 17:11:53 Warning: The connection is going to be closed but there is an active transaction.
2018-06-24 17:11:53 Warning: Warning (2): fwrite(): supplied resource is not a valid stream resource in [/Applications/XAMPP/xamppfiles/htdocs/SkipDishes/vendor/cakephp/cakephp/src/Console/ConsoleOutput.php, line 253]
Trace:
Cake\Error\BaseErrorHandler::handleError() - CORE/src/Error/BaseErrorHandler.php, line 159
fwrite - [internal], line ??
Cake\Console\ConsoleOutput::_write() - CORE/src/Console/ConsoleOutput.php, line 253
Cake\Console\ConsoleOutput::write() - CORE/src/Console/ConsoleOutput.php, line 188
Cake\Log\Engine\ConsoleLog::log() - CORE/src/Log/Engine/ConsoleLog.php, line 94
Cake\Log\Log::write() - CORE/src/Log/Log.php, line 384
Cake\Log\Log::warning() - CORE/src/Log/Log.php, line 469
Cake\Database\Connection::__destruct() - CORE/src/Database/Connection.php, line 135
[main] - [internal], line ??



2018-06-24 17:12:26 Error: [PDOException] SQLSTATE[42S22]: Column not found: 1054 Unknown column 'dishe_id' in 'field list' in /Applications/XAMPP/xamppfiles/htdocs/SkipDishes/vendor/robmorgan/phinx/src/Phinx/Db/Adapter/PdoAdapter.php on line 392
Stack Trace:
#0 /Applications/XAMPP/xamppfiles/htdocs/SkipDishes/vendor/robmorgan/phinx/src/Phinx/Db/Adapter/PdoAdapter.php(392): PDOStatement->execute(Array)
#1 /Applications/XAMPP/xamppfiles/htdocs/SkipDishes/vendor/cakephp/migrations/src/CakeAdapter.php(400): Phinx\Db\Adapter\PdoAdapter->insert(Object(Phinx\Db\Table), Array)
#2 /Applications/XAMPP/xamppfiles/htdocs/SkipDishes/vendor/robmorgan/phinx/src/Phinx/Db/Table.php(651): Migrations\CakeAdapter->insert(Object(Phinx\Db\Table), Array)
#3 /Applications/XAMPP/xamppfiles/htdocs/SkipDishes/config/Seeds/BootStrapSeedsSeed.php(161): Phinx\Db\Table->saveData()
#4 /Applications/XAMPP/xamppfiles/htdocs/SkipDishes/vendor/robmorgan/phinx/src/Phinx/Migration/Manager/Environment.php(154): BootStrapSeedsSeed->run()
#5 /Applications/XAMPP/xamppfiles/htdocs/SkipDishes/vendor/robmorgan/phinx/src/Phinx/Migration/Manager.php(395): Phinx\Migration\Manager\Environment->executeSeed(Object(BootStrapSeedsSeed))
#6 /Applications/XAMPP/xamppfiles/htdocs/SkipDishes/vendor/robmorgan/phinx/src/Phinx/Migration/Manager.php(514): Phinx\Migration\Manager->executeSeed('default', Object(BootStrapSeedsSeed))
#7 /Applications/XAMPP/xamppfiles/htdocs/SkipDishes/vendor/robmorgan/phinx/src/Phinx/Console/Command/SeedRun.php(110): Phinx\Migration\Manager->seed('default')
#8 /Applications/XAMPP/xamppfiles/htdocs/SkipDishes/vendor/cakephp/migrations/src/Command/CommandTrait.php(35): Phinx\Console\Command\SeedRun->execute(Object(Symfony\Component\Console\Input\ArgvInput), Object(Symfony\Component\Console\Output\ConsoleOutput))
#9 /Applications/XAMPP/xamppfiles/htdocs/SkipDishes/vendor/cakephp/migrations/src/Command/Seed.php(72): Migrations\Command\Seed->parentExecute(Object(Symfony\Component\Console\Input\ArgvInput), Object(Symfony\Component\Console\Output\ConsoleOutput))
#10 /Applications/XAMPP/xamppfiles/htdocs/SkipDishes/vendor/symfony/console/Command/Command.php(251): Migrations\Command\Seed->execute(Object(Symfony\Component\Console\Input\ArgvInput), Object(Symfony\Component\Console\Output\ConsoleOutput))
#11 /Applications/XAMPP/xamppfiles/htdocs/SkipDishes/vendor/symfony/console/Application.php(946): Symfony\Component\Console\Command\Command->run(Object(Symfony\Component\Console\Input\ArgvInput), Object(Symfony\Component\Console\Output\ConsoleOutput))
#12 /Applications/XAMPP/xamppfiles/htdocs/SkipDishes/vendor/symfony/console/Application.php(248): Symfony\Component\Console\Application->doRunCommand(Object(Migrations\Command\Seed), Object(Symfony\Component\Console\Input\ArgvInput), Object(Symfony\Component\Console\Output\ConsoleOutput))
#13 /Applications/XAMPP/xamppfiles/htdocs/SkipDishes/vendor/symfony/console/Application.php(148): Symfony\Component\Console\Application->doRun(Object(Symfony\Component\Console\Input\ArgvInput), Object(Symfony\Component\Console\Output\ConsoleOutput))
#14 /Applications/XAMPP/xamppfiles/htdocs/SkipDishes/vendor/cakephp/migrations/src/Shell/MigrationsShell.php(108): Symfony\Component\Console\Application->run(Object(Symfony\Component\Console\Input\ArgvInput), Object(Symfony\Component\Console\Output\ConsoleOutput))
#15 /Applications/XAMPP/xamppfiles/htdocs/SkipDishes/vendor/cakephp/cakephp/src/Console/Shell.php(532): Migrations\Shell\MigrationsShell->main('migrations', 'seed')
#16 /Applications/XAMPP/xamppfiles/htdocs/SkipDishes/vendor/cakephp/migrations/src/Shell/MigrationsShell.php(164): Cake\Console\Shell->runCommand(Array, true, Array)
#17 /Applications/XAMPP/xamppfiles/htdocs/SkipDishes/vendor/cakephp/cakephp/src/Console/CommandRunner.php(342): Migrations\Shell\MigrationsShell->runCommand(Array, true)
#18 /Applications/XAMPP/xamppfiles/htdocs/SkipDishes/vendor/cakephp/cakephp/src/Console/CommandRunner.php(164): Cake\Console\CommandRunner->runShell(Object(Migrations\Shell\MigrationsShell), Array)
#19 /Applications/XAMPP/xamppfiles/htdocs/SkipDishes/bin/cake.php(12): Cake\Console\CommandRunner->run(Array)
#20 {main}


2018-06-24 17:12:26 Warning: The connection is going to be closed but there is an active transaction.
2018-06-24 17:12:26 Warning: Warning (2): fwrite(): supplied resource is not a valid stream resource in [/Applications/XAMPP/xamppfiles/htdocs/SkipDishes/vendor/cakephp/cakephp/src/Console/ConsoleOutput.php, line 253]
Trace:
Cake\Error\BaseErrorHandler::handleError() - CORE/src/Error/BaseErrorHandler.php, line 159
fwrite - [internal], line ??
Cake\Console\ConsoleOutput::_write() - CORE/src/Console/ConsoleOutput.php, line 253
Cake\Console\ConsoleOutput::write() - CORE/src/Console/ConsoleOutput.php, line 188
Cake\Log\Engine\ConsoleLog::log() - CORE/src/Log/Engine/ConsoleLog.php, line 94
Cake\Log\Log::write() - CORE/src/Log/Log.php, line 384
Cake\Log\Log::warning() - CORE/src/Log/Log.php, line 469
Cake\Database\Connection::__destruct() - CORE/src/Database/Connection.php, line 135
[main] - [internal], line ??



2018-06-24 17:12:44 Error: [PDOException] SQLSTATE[23000]: Integrity constraint violation: 1452 Cannot add or update a child row: a foreign key constraint fails (`skipdishes`.`category_dishes`, CONSTRAINT `category_dishes_ibfk_2` FOREIGN KEY (`category_id`) REFERENCES `categories` (`id`) ON DELETE NO ACTION ON UPDATE NO ACTION) in /Applications/XAMPP/xamppfiles/htdocs/SkipDishes/vendor/robmorgan/phinx/src/Phinx/Db/Adapter/PdoAdapter.php on line 392
Stack Trace:
#0 /Applications/XAMPP/xamppfiles/htdocs/SkipDishes/vendor/robmorgan/phinx/src/Phinx/Db/Adapter/PdoAdapter.php(392): PDOStatement->execute(Array)
#1 /Applications/XAMPP/xamppfiles/htdocs/SkipDishes/vendor/cakephp/migrations/src/CakeAdapter.php(400): Phinx\Db\Adapter\PdoAdapter->insert(Object(Phinx\Db\Table), Array)
#2 /Applications/XAMPP/xamppfiles/htdocs/SkipDishes/vendor/robmorgan/phinx/src/Phinx/Db/Table.php(651): Migrations\CakeAdapter->insert(Object(Phinx\Db\Table), Array)
#3 /Applications/XAMPP/xamppfiles/htdocs/SkipDishes/config/Seeds/BootStrapSeedsSeed.php(161): Phinx\Db\Table->saveData()
#4 /Applications/XAMPP/xamppfiles/htdocs/SkipDishes/vendor/robmorgan/phinx/src/Phinx/Migration/Manager/Environment.php(154): BootStrapSeedsSeed->run()
#5 /Applications/XAMPP/xamppfiles/htdocs/SkipDishes/vendor/robmorgan/phinx/src/Phinx/Migration/Manager.php(395): Phinx\Migration\Manager\Environment->executeSeed(Object(BootStrapSeedsSeed))
#6 /Applications/XAMPP/xamppfiles/htdocs/SkipDishes/vendor/robmorgan/phinx/src/Phinx/Migration/Manager.php(514): Phinx\Migration\Manager->executeSeed('default', Object(BootStrapSeedsSeed))
#7 /Applications/XAMPP/xamppfiles/htdocs/SkipDishes/vendor/robmorgan/phinx/src/Phinx/Console/Command/SeedRun.php(110): Phinx\Migration\Manager->seed('default')
#8 /Applications/XAMPP/xamppfiles/htdocs/SkipDishes/vendor/cakephp/migrations/src/Command/CommandTrait.php(35): Phinx\Console\Command\SeedRun->execute(Object(Symfony\Component\Console\Input\ArgvInput), Object(Symfony\Component\Console\Output\ConsoleOutput))
#9 /Applications/XAMPP/xamppfiles/htdocs/SkipDishes/vendor/cakephp/migrations/src/Command/Seed.php(72): Migrations\Command\Seed->parentExecute(Object(Symfony\Component\Console\Input\ArgvInput), Object(Symfony\Component\Console\Output\ConsoleOutput))
#10 /Applications/XAMPP/xamppfiles/htdocs/SkipDishes/vendor/symfony/console/Command/Command.php(251): Migrations\Command\Seed->execute(Object(Symfony\Component\Console\Input\ArgvInput), Object(Symfony\Component\Console\Output\ConsoleOutput))
#11 /Applications/XAMPP/xamppfiles/htdocs/SkipDishes/vendor/symfony/console/Application.php(946): Symfony\Component\Console\Command\Command->run(Object(Symfony\Component\Console\Input\ArgvInput), Object(Symfony\Component\Console\Output\ConsoleOutput))
#12 /Applications/XAMPP/xamppfiles/htdocs/SkipDishes/vendor/symfony/console/Application.php(248): Symfony\Component\Console\Application->doRunCommand(Object(Migrations\Command\Seed), Object(Symfony\Component\Console\Input\ArgvInput), Object(Symfony\Component\Console\Output\ConsoleOutput))
#13 /Applications/XAMPP/xamppfiles/htdocs/SkipDishes/vendor/symfony/console/Application.php(148): Symfony\Component\Console\Application->doRun(Object(Symfony\Component\Console\Input\ArgvInput), Object(Symfony\Component\Console\Output\ConsoleOutput))
#14 /Applications/XAMPP/xamppfiles/htdocs/SkipDishes/vendor/cakephp/migrations/src/Shell/MigrationsShell.php(108): Symfony\Component\Console\Application->run(Object(Symfony\Component\Console\Input\ArgvInput), Object(Symfony\Component\Console\Output\ConsoleOutput))
#15 /Applications/XAMPP/xamppfiles/htdocs/SkipDishes/vendor/cakephp/cakephp/src/Console/Shell.php(532): Migrations\Shell\MigrationsShell->main('migrations', 'seed')
#16 /Applications/XAMPP/xamppfiles/htdocs/SkipDishes/vendor/cakephp/migrations/src/Shell/MigrationsShell.php(164): Cake\Console\Shell->runCommand(Array, true, Array)
#17 /Applications/XAMPP/xamppfiles/htdocs/SkipDishes/vendor/cakephp/cakephp/src/Console/CommandRunner.php(342): Migrations\Shell\MigrationsShell->runCommand(Array, true)
#18 /Applications/XAMPP/xamppfiles/htdocs/SkipDishes/vendor/cakephp/cakephp/src/Console/CommandRunner.php(164): Cake\Console\CommandRunner->runShell(Object(Migrations\Shell\MigrationsShell), Array)
#19 /Applications/XAMPP/xamppfiles/htdocs/SkipDishes/bin/cake.php(12): Cake\Console\CommandRunner->run(Array)
#20 {main}


2018-06-24 17:12:44 Warning: The connection is going to be closed but there is an active transaction.
2018-06-24 17:12:44 Warning: Warning (2): fwrite(): supplied resource is not a valid stream resource in [/Applications/XAMPP/xamppfiles/htdocs/SkipDishes/vendor/cakephp/cakephp/src/Console/ConsoleOutput.php, line 253]
Trace:
Cake\Error\BaseErrorHandler::handleError() - CORE/src/Error/BaseErrorHandler.php, line 159
fwrite - [internal], line ??
Cake\Console\ConsoleOutput::_write() - CORE/src/Console/ConsoleOutput.php, line 253
Cake\Console\ConsoleOutput::write() - CORE/src/Console/ConsoleOutput.php, line 188
Cake\Log\Engine\ConsoleLog::log() - CORE/src/Log/Engine/ConsoleLog.php, line 94
Cake\Log\Log::write() - CORE/src/Log/Log.php, line 384
Cake\Log\Log::warning() - CORE/src/Log/Log.php, line 469
Cake\Database\Connection::__destruct() - CORE/src/Database/Connection.php, line 135
[main] - [internal], line ??



2018-06-24 17:19:18 Error: [RuntimeException] Unknown command `cake controller`. Run `cake --help` to get the list of valid commands. in /Applications/XAMPP/xamppfiles/htdocs/SkipDishes/vendor/cakephp/cakephp/src/Console/CommandRunner.php on line 321
Stack Trace:
#0 /Applications/XAMPP/xamppfiles/htdocs/SkipDishes/vendor/cakephp/cakephp/src/Console/CommandRunner.php(159): Cake\Console\CommandRunner->resolveName(Object(Cake\Console\CommandCollection), Object(Cake\Console\ConsoleIo), 'controller')
#1 /Applications/XAMPP/xamppfiles/htdocs/SkipDishes/bin/cake.php(12): Cake\Console\CommandRunner->run(Array)
#2 {main}


2018-06-24 17:47:33 Error: [RuntimeException] Unknown command `cake controller`. Run `cake --help` to get the list of valid commands. in /Applications/XAMPP/xamppfiles/htdocs/SkipDishes/vendor/cakephp/cakephp/src/Console/CommandRunner.php on line 321
Stack Trace:
#0 /Applications/XAMPP/xamppfiles/htdocs/SkipDishes/vendor/cakephp/cakephp/src/Console/CommandRunner.php(159): Cake\Console\CommandRunner->resolveName(Object(Cake\Console\CommandCollection), Object(Cake\Console\ConsoleIo), 'controller')
#1 /Applications/XAMPP/xamppfiles/htdocs/SkipDishes/bin/cake.php(12): Cake\Console\CommandRunner->run(Array)
#2 {main}


2018-06-24 17:47:44 Error: [RuntimeException] Unknown command `cake cake`. Run `cake --help` to get the list of valid commands. in /Applications/XAMPP/xamppfiles/htdocs/SkipDishes/vendor/cakephp/cakephp/src/Console/CommandRunner.php on line 321
Stack Trace:
#0 /Applications/XAMPP/xamppfiles/htdocs/SkipDishes/vendor/cakephp/cakephp/src/Console/CommandRunner.php(159): Cake\Console\CommandRunner->resolveName(Object(Cake\Console\CommandCollection), Object(Cake\Console\ConsoleIo), 'cake')
#1 /Applications/XAMPP/xamppfiles/htdocs/SkipDishes/bin/cake.php(12): Cake\Console\CommandRunner->run(Array)
#2 {main}


2018-06-24 18:24:55 Error: [Error] Call to undefined method App\Application::connect() in /Applications/XAMPP/xamppfiles/htdocs/SkipDishes/config/routes.php on line 61
Stack Trace:
#0 /Applications/XAMPP/xamppfiles/htdocs/SkipDishes/vendor/cakephp/cakephp/src/Routing/RouteBuilder.php(993): Cake\Http\BaseApplication->{closure}(Object(Cake\Routing\RouteBuilder))
#1 /Applications/XAMPP/xamppfiles/htdocs/SkipDishes/vendor/cakephp/cakephp/src/Routing/Router.php(1048): Cake\Routing\RouteBuilder->scope('/api', Array, Object(Closure))
#2 /Applications/XAMPP/xamppfiles/htdocs/SkipDishes/vendor/cakephp/cakephp/src/Routing/Router.php(1090): Cake\Routing\Router::scope('/api', Array, Object(Closure))
#3 /Applications/XAMPP/xamppfiles/htdocs/SkipDishes/config/routes.php(68): Cake\Routing\Router::prefix('api', Array)
#4 /Applications/XAMPP/xamppfiles/htdocs/SkipDishes/vendor/cakephp/cakephp/src/Routing/RouteBuilder.php(993): Cake\Http\BaseApplication->{closure}(Object(Cake\Routing\RouteBuilder))
#5 /Applications/XAMPP/xamppfiles/htdocs/SkipDishes/vendor/cakephp/cakephp/src/Routing/Router.php(1048): Cake\Routing\RouteBuilder->scope('/', Array, Object(Closure))
#6 /Applications/XAMPP/xamppfiles/htdocs/SkipDishes/config/routes.php(86): Cake\Routing\Router::scope('/', Object(Closure))
#7 /Applications/XAMPP/xamppfiles/htdocs/SkipDishes/vendor/cakephp/cakephp/src/Http/BaseApplication.php(172): require('/Applications/X...')
#8 /Applications/XAMPP/xamppfiles/htdocs/SkipDishes/vendor/cakephp/cakephp/src/Console/CommandRunner.php(377): Cake\Http\BaseApplication->routes(Object(Cake\Routing\RouteBuilder))
#9 /Applications/XAMPP/xamppfiles/htdocs/SkipDishes/vendor/cakephp/cakephp/src/Console/CommandRunner.php(150): Cake\Console\CommandRunner->loadRoutes()
#10 /Applications/XAMPP/xamppfiles/htdocs/SkipDishes/bin/cake.php(12): Cake\Console\CommandRunner->run(Array)
#11 {main}


2018-06-24 18:47:58 Error: [Cake\Database\Exception] SQLSTATE[42S02]: Base table or view not found: 1146 Table 'skipdishes.seeds' doesn't exist in /Applications/XAMPP/xamppfiles/htdocs/SkipDishes/vendor/cakephp/cakephp/src/Database/Schema/Collection.php on line 131
Stack Trace:
#0 /Applications/XAMPP/xamppfiles/htdocs/SkipDishes/vendor/cakephp/cakephp/src/Database/Schema/Collection.php(97): Cake\Database\Schema\Collection->_reflect('Column', 'seeds', Array, Object(Cake\Database\Schema\TableSchema))
#1 /Applications/XAMPP/xamppfiles/htdocs/SkipDishes/vendor/cakephp/cakephp/src/Database/Schema/CachedCollection.php(63): Cake\Database\Schema\Collection->describe('seeds', Array)
#2 /Applications/XAMPP/xamppfiles/htdocs/SkipDishes/vendor/cakephp/cakephp/src/ORM/Table.php(548): Cake\Database\Schema\CachedCollection->describe('seeds')
#3 /Applications/XAMPP/xamppfiles/htdocs/SkipDishes/vendor/cakephp/cakephp/src/ORM/Table.php(673): Cake\ORM\Table->getSchema()
#4 /Applications/XAMPP/xamppfiles/htdocs/SkipDishes/vendor/cakephp/bake/src/Shell/Task/ModelTask.php(220): Cake\ORM\Table->getPrimaryKey()
#5 /Applications/XAMPP/xamppfiles/htdocs/SkipDishes/vendor/cakephp/bake/src/Shell/Task/ModelTask.php(130): Bake\Shell\Task\ModelTask->getAssociations(Object(Cake\ORM\Table))
#6 /Applications/XAMPP/xamppfiles/htdocs/SkipDishes/vendor/cakephp/bake/src/Shell/Task/ModelTask.php(113): Bake\Shell\Task\ModelTask->getTableContext(Object(Cake\ORM\Table), 'seeds', 'Seeds')
#7 /Applications/XAMPP/xamppfiles/htdocs/SkipDishes/vendor/cakephp/bake/src/Shell/Task/ModelTask.php(100): Bake\Shell\Task\ModelTask->bake('Seeds')
#8 /Applications/XAMPP/xamppfiles/htdocs/SkipDishes/vendor/cakephp/cakephp/src/Console/Shell.php(532): Bake\Shell\Task\ModelTask->main('seeds')
#9 /Applications/XAMPP/xamppfiles/htdocs/SkipDishes/vendor/cakephp/cakephp/src/Console/Shell.php(525): Cake\Console\Shell->runCommand(Array, false, Array)
#10 /Applications/XAMPP/xamppfiles/htdocs/SkipDishes/vendor/cakephp/cakephp/src/Console/CommandRunner.php(342): Cake\Console\Shell->runCommand(Array, true)
#11 /Applications/XAMPP/xamppfiles/htdocs/SkipDishes/vendor/cakephp/cakephp/src/Console/CommandRunner.php(164): Cake\Console\CommandRunner->runShell(Object(Bake\Shell\BakeShell), Array)
#12 /Applications/XAMPP/xamppfiles/htdocs/SkipDishes/bin/cake.php(12): Cake\Console\CommandRunner->run(Array)
#13 {main}


2018-06-24 18:48:09 Error: [Symfony\Component\Console\Exception\CommandNotFoundException] Command "seeds" is not defined.

Did you mean this?
    seed in /Applications/XAMPP/xamppfiles/htdocs/SkipDishes/vendor/symfony/console/Application.php on line 618
Stack Trace:
#0 /Applications/XAMPP/xamppfiles/htdocs/SkipDishes/vendor/symfony/console/Application.php(229): Symfony\Component\Console\Application->find('seeds')
#1 /Applications/XAMPP/xamppfiles/htdocs/SkipDishes/vendor/symfony/console/Application.php(148): Symfony\Component\Console\Application->doRun(Object(Symfony\Component\Console\Input\ArgvInput), Object(Symfony\Component\Console\Output\ConsoleOutput))
#2 /Applications/XAMPP/xamppfiles/htdocs/SkipDishes/vendor/cakephp/migrations/src/Shell/MigrationsShell.php(108): Symfony\Component\Console\Application->run(Object(Symfony\Component\Console\Input\ArgvInput), Object(Symfony\Component\Console\Output\ConsoleOutput))
#3 /Applications/XAMPP/xamppfiles/htdocs/SkipDishes/vendor/cakephp/cakephp/src/Console/Shell.php(532): Migrations\Shell\MigrationsShell->main('migrations', 'seeds')
#4 /Applications/XAMPP/xamppfiles/htdocs/SkipDishes/vendor/cakephp/migrations/src/Shell/MigrationsShell.php(164): Cake\Console\Shell->runCommand(Array, true, Array)
#5 /Applications/XAMPP/xamppfiles/htdocs/SkipDishes/vendor/cakephp/cakephp/src/Console/CommandRunner.php(342): Migrations\Shell\MigrationsShell->runCommand(Array, true)
#6 /Applications/XAMPP/xamppfiles/htdocs/SkipDishes/vendor/cakephp/cakephp/src/Console/CommandRunner.php(164): Cake\Console\CommandRunner->runShell(Object(Migrations\Shell\MigrationsShell), Array)
#7 /Applications/XAMPP/xamppfiles/htdocs/SkipDishes/bin/cake.php(12): Cake\Console\CommandRunner->run(Array)
#8 {main}


